
 BerkeleyGW version 3.0
 BSE/Absorption code, Complex version, run on 11-Mar-2025 at 18:01:51 -0700

                                                                 ..o.          
                                                                .oxxo.         
                                                               .oxxxxo...      
                                                               oxxxxxxo.       
                                                              .oxxxxxxx.       
                                                              .ooooooxxo..     
                                                              .oooooooxo..     
                                                              .oooooxxo...     
                                                       .........oxooo......    
                                                 ............................  
                                             ................................. 
                                          .................................... 
           .          ..oo. ....  .................................oooxxxxxxxo.
     .............oxxxx@ox@@@x@x.....................o...........ooooooooooxx. 
    .o.........oox@x.oo........xxx@@............ooxxxxo..........ooooxxxxxoxo  
    .x........x@xxo...............o@xxo........oxxx@@@xoooooooooooooooxxxo...  
    .o......ox@@o..................oox@o.....ooxxx@xoooxxxxxxxoooooooooooo.... 
    o..ooooo@@xoooo....ooo...........x@o.....ooxxxxo   .oxxxxxxxxxxooooooo.... 
    . .oooo@@@@@@@@@@@@@@@@@@@@@@@@@@@@@@....ooooox.     .oxx@@@@@xxoo........ 
      .ooooxxxxxxxooooooxooooooooooooooxo...oooooxx.        ..ox@xxxoo.........
      .ooooooxxxx@xoooooooooooooxxoooooooooooxxxxx.            .oxxooooooooxxo.
     .oooooxxxxx@@@xxxxxxxxxxxxxxxxxxxxxxxxoxxxxo.                .oxxxxxxxxo. 
   ....oooxxxxx@@@xo..oxxx@@@@@@xxxxoxxoooooooxx.                  .oxxxoo..   
  .....ooxxxx@@xo.       ........    .ooooooooxxo                              
  ..oooxxxx@@@o                       .oooooooxoo.                             
  ....oxooxxxxx.                       .ooo..oooo.                             
  .....o.ooxxxxxo.                     .oooooooxo.                             
 ......ooooxxxxxxo.                     .ooooooxoo..                           
........ooxxxxxxxo..                     .o....oxoo...                         
.......ooooxxxxxxxo.                     ........oooo.                         
.ooooooo..ooxxxxoooo.                    .........ooo...                       
..oxo...ooooxxxoooo..                    .ooo......oooo...                     
  .ooooo....o.                            .oxxxoo....ooo....                   
    .oooooo...                              ...ooooo...ooo..                   
       ...                                     .oo.......                      
                                               ....ooo...                      
                      __              __                                       
 ______              [  |            [  |                 ._____  _          _ 
|_   _ \              | |  _          | |                /  ___ \| |        | |
  | |_) | .---.  _. _.| | / |  .---.  | | .---.  _    _ / /    \_|\ \  /\  / / 
  |  __'./ /__\\[ /`\_| '' <  / /__\\ | |/ /__\\| \  | | |   _____ \ \/  \/ /  
 _| |__| | \__. | |   | |`\ \ | \___. | || \___. \ \/ / \ \.___| |  \  /\  /   
|_______/ \.__./[_]  [__|  \_] \.__./[___]\.__./  \  /   \.____./    \/  \/    
                                                  / /                          
                                                 /_/                           
 --------------------------------------------------------------------------------
 Please cite the main BerkeleyGW paper when using results from this calculation:

 Jack Deslippe, Georgy Samsonidze, David A. Strubbe, Manish Jain, Marvin L.
 Cohen, and Steven G. Louie, "BerkeleyGW: A Massively Parallel Computer Package
 for the Calculation of the Quasiparticle and Optical Properties of Materials
 and Nanostructures," Comput. Phys. Commun. 183, 1269 (2012)

 Aditionally, PLEASE CITE ALL PAPERS REPORTED AT THE END OF THIS CALCULATION.
 --------------------------------------------------------------------------------

 Running MPI version (parallel)
 Running with 512 MPI task(s)
 Using OpenMP. Number of threads per MPI task: 2
 Number of threads used for sorting routines: 1

 Compilation flags:
 - Compiler: GNU
 - Para. flags: MPI, OMP
 - Math  flags: USESCALAPACK, UNPACKED, USEFFTW3, HDF5
 - Debug flags: 

 Running with verbosity level 1 (default).

 Kernel was calculated only for (v,c)->(v',c') transitions.
 This may not be a good idea for metals!

 This is a Bethe-Salpeter-equation calculation.
 The restricted fi/co WFN transformation dvv',dcc' will be calculated.

 Using the Tamm-Dancoff approximation.

 Using the momentum operator

 Using the Delaunay interpolation method.

 We are doing a calculation with zero exciton momentum
 Running with semiconductor screening

 We are communicating via MPI

 We are using a truncated Coulomb interaction: cell slab
 Cutoff for Monte-Carlo average of Coulomb potential: 1.000E-012 Ry

 **************************************************
 **                                              **
 **                   WARNING:                   **
 **      THE MOMENTUM OPERATOR IS NOT EXACT      **
 **  ONLY USE IT IF YOU KNOW WHAT YOU ARE DOING  **
 **  OTHERWISE YOU SHOULD USE VELOCITY OPERATOR  **
 **    for details see equations (29) and (30)   **
 **    of Rohlfing & Louie PRB 62, 4927 (2000)   **
 **                                              **
 **************************************************


 Number of k-points in the coarse k-grid: 4
 A 2-D interpolation algorithm will be employed.
 Using symmetries to expand the fine-grid sampling
 K-grid: 2 1 1
 Highest occupied band (fine grid) = 4
 Valence max    (fine grid) = -4.749454 eV
 Conduction min (fine grid) = .610384 eV
 Middle energy  (fine grid) = -2.069535 eV
 Fermi  energy  (fine grid) = -2.069535 eV

 Number of electrons per unit cell (from ifmax) = 8.000000
 Number of electrons per unit cell (from occupations) = 8.000000
 Plasma Frequency = .740742 Ry


 Scissors parameters:
 - Valence:    es =   0.0000 eV, e0 =   0.0000 eV, edel =   0.0000
 - Conduction: es =   0.0000 eV, e0 =   0.0000 eV, edel =   0.0000

 You are doing a class 3 calculation - npes > nk*nc

 Memory available: 3674.4 MB per PE
 Memory required for vcoul: 114.4 MB per PE
 Memory needed to store the effective Ham. and intkernel arrays: .0 MB per PE
 Additional memory needed for evecs and diagonalization: .0 MB per PE

 Distribution of kcv blocks among PE ranks:
   - PEs 0 to 15 : 1 blocks
   - PEs 16 to 511 : 0 blocks

 Started reading wavefunctions (WFN_fi) with 2 k-point(s) at 18:01:51.
 [ 18:01:51 |   0% ] k-point 1 / 2.
 [ 18:01:51 |  50% ] k-point 2 / 2.
 Finished reading wavefunctions (WFN_fi) at 18:01:51.
 Elapsed time: 0 s.


 Conduction wavefunctions read from file WFN_fi:
 - Number of k-points in irreducible BZ: 2
 - Number of k-points in full BZ: 4

 Lowest-energy independent-particle transitions:

                k-point                 ik     ic     iv     energy (eV)
   -------------------------------- ------ ------ ------ ---------------
     0.500000   0.000000   0.000000      2      1      1        5.525651
     0.500000  -0.500000   0.000000      3      1      1        5.525651
     0.000000   0.500000   0.000000      4      1      1        5.525651
     0.000000   0.000000   0.000000      1      1      1        5.625051
     0.000000   0.000000   0.000000      1      1      2        5.625051

 More job parameters:
 - Crystal volume (bohr): 2.931E+03
 - Broadening (eV): .100
 - Number of valence bands: 2
 - Number of cond. bands: 2
 - Number of spins: 1
 - Number of eigenvalues to be computed: 16

 Highest occupied band (fine grid) = 4
 Valence max    (fine grid) = -4.749454 eV
 Conduction min (fine grid) = .610384 eV
 Middle energy  (fine grid) = -2.069535 eV
 Fermi  energy  (fine grid) = -2.069535 eV

 Using symmetries to expand the shifted-grid sampling

 Started reading wavefunctions (WFN_fi) with 2 k-point(s) at 18:01:51.
 [ 18:01:51 |   0% ] k-point 1 / 2.
 [ 18:01:51 |  50% ] k-point 2 / 2.
 Finished reading wavefunctions (WFN_fi) at 18:01:51.
 Elapsed time: 0 s.


 Valence wavefunctions read from file WFN_fi:
 - Number of k-points in irreducible BZ: 2
 - Number of k-points in full BZ: 4

 Reading quasiparticle energy corrections from eqp_co.dat
 Highest occupied band (coarse grid) = 4
 Valence max    (coarse grid) = -20.049836 eV
 Conduction min (coarse grid) = -.987792 eV
 Middle energy  (coarse grid) = -10.518814 eV
 Fermi  energy  (coarse grid) = -10.518814 eV


 Reading quasiparticle energy corrections from eqp_co.dat
 Using symmetries to expand the coarse-grid sampling

 Started reading wavefunctions (WFN_co) with 2 k-point(s) at 18:01:51.
 [ 18:01:51 |   0% ] k-point 1 / 2.
 [ 18:01:51 |  50% ] k-point 2 / 2.
 Finished reading wavefunctions (WFN_co) at 18:01:51.
 Elapsed time: 0 s.


 Coarse-grid wavefunctions read from file WFN_co:
 - Number of k-points in irreducible BZ: 2
 - Number of k-points in full BZ: 4

 Started wavefunction interpolation with 1 k-point(s) at 18:01:51.
 [ 18:01:51 |   0% ] k-point 1 / 1.
 Finished wavefunction interpolation at 18:01:51.
 Elapsed time: 0 s.

 Max. error in norm of transformation coefficients (1 - \sum_co |d_fi,co|^2):
  - For valence states: 2.143E-14
  - For conduction states: 1.465E-14
 Writing matrix elements into vmtxel

 Plasma Frequency :    10.078308190681604       eV

 Polarization: b1
 Sum rule (DFT) :   0.76207286673357855     
 Sum rule (GW)  :    2.0752320423969626     

 Polarization: b2
 Sum rule (DFT) :   0.76207286730753443     
 Sum rule (GW)  :    2.0752320439906562     

 Polarization: b3
 Sum rule (DFT) :    4.0570918263975922E-002
 Sum rule (GW)  :    9.4321195415042219E-002


 Epsilon matrix for q->0 read from eps0mat.h5:
 - Number of q-points: 1
 - Dielectric cutoff (Ry): 25.00

 Epsilon matrix for q/=0 read from epsmat.h5:
 - Number of q-points: 1
 - Number of q-points in the full BZ: 4
 - Dielectric cutoff (Ry): 25.00
 - Number of G-vectors for interpolation of epsinv_00(q+G): 64187
 - Maximum value of imaginary part of epsinv: .000000
 - Dielectric constant: 1.040611
 - Max. |q+G|^2 to interp. epsinv (Ry): 3.53
 - Number of q+G points to interp. epsinv: 19

 Assembling spin-singlet kernel.
 Calculating Coulomb potential v(q) for 4 q-points.
 Performing kernel interpolation.

 Started interpolating BSE kernel with 4 block(s) at 18:01:53.
 [ 18:01:53 |   0% ] block 1 / 4.
 [ 18:01:53 |  25% ] block 2 / 4.
 [ 18:01:53 |  50% ] block 3 / 4, remaining: 0 s.
 [ 18:01:53 |  75% ] block 4 / 4, remaining: 0 s.
 Finished interpolating BSE kernel at 18:01:53.
 Elapsed time: 0 s.


 BLACS processor grid: 22 x 23; BLOCKSIZE = 64
 Number of idle processors: 6

 Using diagonalization routine: PZHEEVX
 Beginning ScaLAPACK diagonalization. Size: 16
 Done ScaLAPACK diagonalization
 Sharing eigenvectors
 Diagonalization done

 Plasma Frequency :    10.078308190681604       eV

 Polarization: b1
 Sum rule (BSE) :   0.49788851195070544     

 Polarization: b2
 Sum rule (BSE) :   0.49788605886519982     

 Polarization: b3
 Sum rule (BSE) :    3.4034856838692715E-002

********************************************************************************
*                                                                              *
* Your calculation employed methods and algorithms published in peer-reviewed  *
* papers. Please, cite the following references to give proper credit to their *
*          authors and help support future development of BerkeleyGW.          *
*                                                                              *
********************************************************************************

 J. Deslippe, G. Samsonidze, D. A. Strubbe, M. Jain, M. L. Cohen, and S. G.
 Louie, BerkeleyGW: A Massively Parallel Computer Package for the Calculation
 of the Quasiparticle and Optical Properties of Materials and Nanostructures,
 Computer Physics Communications 183, 1269 (2012).

 M. Rohlfing and S. G. Louie, Electron-Hole Excitations and Optical Spectra
 from First Principles, Phys. Rev. B 62, 4927 (2000).

 S. Ismail-Beigi, Truncation of Periodic Image Interactions for Confined
 Systems, Phys. Rev. B 73, 233103 (2006).

********************************************************************************

 
 Timing information
 
                                CPU time (s)          WALL time (s)       Number
 Routine                       min        max        min        max     of calls
 -------------------------  ---------  ---------  ---------  ---------  --------
 - Input                         0.02       0.02       0.02       0.02         1
 - Input q                       0.00       0.01       0.00       0.01         1
 - Intwfn                        1.04       1.06       1.06       1.06         1
 - Intkernel                     1.11       1.13       1.13       1.13         1
 - Epsdiag                       0.00       0.03       0.00       0.03         1
 - Eps Comm                      0.00       0.03      -0.00       0.03         1
 - Absorp0                       0.00       0.06      -0.00       0.03         1
 - Vmtxel                        0.01       0.01       0.01       0.01         1
 - Trans Mtxel                   0.00       0.00       0.00       0.00         1
 - Absorp                        0.00       0.01       0.00       0.02         1
 - Write Eig                     0.03       0.09       0.07       0.09         1
 - Iw Input_co                   0.01       0.02       0.02       0.02         1
 - Iw Interp                     0.00       0.00      -0.00       0.00         2
 - Iw Genwf                      0.00       0.00       0.00       0.00         6
 - Iw Gwnwf_Co                   0.12       0.12       0.12       0.12         3
 - Iw Mtxel_t                    0.00       0.00       0.00       0.00         6
 - Iw Write                      0.00       0.01       0.00       0.01         1
 - Iw Reduce                     0.00       0.00       0.00       0.00         1
 - Ik Setup                      0.00       0.00       0.00       0.00         1
 - Ik C-Check                    0.01       0.03       0.03       0.03         1
 - Ik Input                      0.00       0.00      -0.00       0.00        16
 - Ik Inteps                     0.00       0.00      -0.00       0.00         1
 - Ik Vcoul                      1.06       1.07       1.06       1.07         1
 - Ik Cache                      0.00       0.00       0.00       0.00        16
 - Ik Interp                     0.00       0.00       0.00       0.00        16
 - Ik Sum                        0.00       0.00       0.00       0.00        16
 - Diagonalize                   0.03       0.04       0.04       0.04         1
 - TOTAL                         2.32       2.38       2.39       2.40         1
 
 Job Done
 
