srun: Step created for StepId=36671616.29

     Program PW2BGW v.6.8 starts on  8Mar2025 at 10:15:48 

     This program is part of the open-source Quantum ESPRESSO suite
     for quantum simulation of materials; please cite
         "P. Giannozzi et al., J. Phys.:Condens. Matter 21 395502 (2009);
         "P. Giannozzi et al., J. Phys.:Condens. Matter 29 465901 (2017);
         "P. Giannozzi et al., J. Chem. Phys. 152 154105 (2020);
          URL http://www.quantum-espresso.org", 
     in publications or presentations arising from this work. More details at
     http://www.quantum-espresso.org/quote

     Parallel version (MPI), running on    16 processors

     MPI processes distributed on     4 nodes
     R & G space division:  proc/nbgrp/npool/nimage =      16
     479771 MiB available memory on the printing compute node when the environment starts


     Reading xml data from directory:

     ./hBN.save/

     IMPORTANT: XC functional enforced from input :
     Exchange-correlation= PBE
                           (   1   4   3   4   0   0   0)
     Any further DFT definition will be discarded
     Please, verify this is what you really want


     Parallelization info
     --------------------
     sticks:   dense  smooth     PW     G-vecs:    dense   smooth      PW
     Min          28      28      8                 4003     4003     637
     Max          29      29     10                 4021     4021     654
     Sum         463     463    139                64187    64187   10307

     Using Slab Decomposition

     Reading collected, re-writing distributed wavefunctions

     NLCC is present

     call write_wfng
     done write_wfng

     call write_vxcg
     done write_vxcg

     call write_vscg
     done write_vscg

     call write_vkbg
     done write_vkbg

     call write_rhog
     done write_rhog


     write_wfng   :      0.02s CPU      0.04s WALL (       1 calls)
     write_rhog   :      0.00s CPU      0.01s WALL (       1 calls)
     write_vxcg   :      0.01s CPU      0.02s WALL (       1 calls)
     write_vscg   :      0.01s CPU      0.01s WALL (       1 calls)
     write_vkbg   :      0.02s CPU      0.02s WALL (       1 calls)

     PW2BGW       :      0.28s CPU      0.33s WALL


   This run was terminated on:  10:15:48   8Mar2025            

=------------------------------------------------------------------------------=
   JOB DONE.
=------------------------------------------------------------------------------=
